<?xml version="1.0" encoding="UTF-8"?>
<!-- Generated by org.testng.reporters.JUnitReportReporter -->
<testsuite hostname="VIVEK" failures="0" tests="4" name="testcases_amazon.Test_Signin" time="31.214" errors="0" timestamp="2023-09-11T15:24:28 EDT" skipped="0">
  <testcase classname="testcases_amazon.Test_Signin" name="TC10_invalidemailid" time="6.869"/>
  <testcase classname="testcases_amazon.Test_Signin" name="TC11_validemailid" time="7.269"/>
  <testcase classname="testcases_amazon.Test_Signin" name="TC12_invalidpassword" time="7.755"/>
  <testcase classname="testcases_amazon.Test_Signin" name="TC13_validpassword" time="9.321"/>
</testsuite> <!-- testcases_amazon.Test_Signin -->
