<?xml version="1.0" encoding="UTF-8"?>
<!-- Generated by org.testng.reporters.JUnitReportReporter -->
<testsuite hostname="VIVEK" failures="0" tests="1" name="testcases_amazon.Test_YourAddress" time="25.172" errors="0" timestamp="2023-09-17T18:11:22 EDT" skipped="0">
  <testcase classname="testcases_amazon.Test_YourAddress" name="TC_additionaldeliverydetails" time="25.172"/>
</testsuite> <!-- testcases_amazon.Test_YourAddress -->
