<?xml version="1.0" encoding="UTF-8"?>
<!-- Generated by org.testng.reporters.JUnitReportReporter -->
<testsuite hostname="VIVEK" failures="0" tests="1" name="testcases_amazon.Test_ShoppingCart" time="36.067" errors="0" timestamp="2023-09-23T14:24:02 EDT" skipped="0">
  <testcase classname="testcases_amazon.Test_ShoppingCart" name="TC_removeitemsfromcart" time="36.067"/>
</testsuite> <!-- testcases_amazon.Test_ShoppingCart -->
