<?xml version="1.0" encoding="UTF-8"?>
<!-- Generated by org.testng.reporters.JUnitReportReporter -->
<testsuite hostname="VIVEK" failures="0" tests="1" name="testcases_amazon.Test_Search" time="6.521" errors="0" timestamp="2023-09-18T18:56:43 EDT" skipped="0">
  <testcase classname="testcases_amazon.Test_Search" name="TC25_searchitem" time="6.521"/>
</testsuite> <!-- testcases_amazon.Test_Search -->
