<?xml version="1.0" encoding="UTF-8"?>
<!-- Generated by org.testng.reporters.JUnitReportReporter -->
<testsuite hostname="VIVEK" failures="0" tests="1" name="testcases_amazon.Test_CreateAccount" time="10.311" errors="0" timestamp="2023-09-17T17:17:25 EDT" skipped="0">
  <testcase classname="testcases_amazon.Test_CreateAccount" name="TC7_invalidpassowrd" time="10.311"/>
</testsuite> <!-- testcases_amazon.Test_CreateAccount -->
